app/build/intermediates/manifest_merge_blame_file/debug/manifest-merger-blame-debug-report.txt
1<?xml version="1.0" encoding="utf-8"?>
2<manifest xmlns:android="http://schemas.android.com/apk/res/android"
3    package="com.example.android_test"
4    android:versionCode="1"
5    android:versionName="1.0" >
6
7    <uses-sdk
8        android:minSdkVersion="16"
8-->src\main\AndroidManifest.xml
9        android:targetSdkVersion="30" />
9-->src\main\AndroidManifest.xml
10
11    <uses-permission android:name="android.permission.INTERNET" />
11-->src\main\AndroidManifest.xml:5:5-67
11-->src\main\AndroidManifest.xml:5:22-64
12    <uses-permission android:name="android.permission.ACCESS_FINE_LOCATION" />
12-->src\main\AndroidManifest.xml:6:5-79
12-->src\main\AndroidManifest.xml:6:22-76
13    <uses-permission android:name="android.permission.ACCESS_COARSE_LOCATION" />
13-->src\main\AndroidManifest.xml:7:5-80
13-->src\main\AndroidManifest.xml:7:22-78
14
15    <!-- Include required permissions for Google Maps API to run. -->
16    <uses-permission android:name="android.permission.ACCESS_NETWORK_STATE" />
16-->[com.google.android.gms:play-services-maps:17.0.0] AndroidManifest.xml:23:5-79
16-->[com.google.android.gms:play-services-maps:17.0.0] AndroidManifest.xml:23:22-76
17
18    <uses-feature
18-->[com.google.android.gms:play-services-maps:17.0.0] AndroidManifest.xml:26:5-28:35
19        android:glEsVersion="0x00020000"
19-->[com.google.android.gms:play-services-maps:17.0.0] AndroidManifest.xml:27:9-41
20        android:required="true" />
20-->[com.google.android.gms:play-services-maps:17.0.0] AndroidManifest.xml:28:9-32
21
22    <application
22-->src\main\AndroidManifest.xml:9:5-34:19
23        android:allowBackup="true"
23-->src\main\AndroidManifest.xml:10:9-35
24        android:appComponentFactory="androidx.core.app.CoreComponentFactory"
24-->[androidx.core:core:1.3.1] AndroidManifest.xml:24:18-86
25        android:debuggable="true"
26        android:icon="@mipmap/ic_launcher"
26-->src\main\AndroidManifest.xml:11:9-43
27        android:label="@string/app_name"
27-->src\main\AndroidManifest.xml:12:9-41
28        android:roundIcon="@mipmap/ic_launcher_round"
28-->src\main\AndroidManifest.xml:13:9-54
29        android:supportsRtl="true"
29-->src\main\AndroidManifest.xml:14:9-35
30        android:theme="@style/AppTheme" >
30-->src\main\AndroidManifest.xml:15:9-40
31        <meta-data
31-->src\main\AndroidManifest.xml:16:9-18:69
32            android:name="com.google.android.gms.version"
32-->src\main\AndroidManifest.xml:17:13-58
33            android:value="@integer/google_play_services_version" />
33-->src\main\AndroidManifest.xml:18:13-66
34        <meta-data
34-->src\main\AndroidManifest.xml:20:9-22:52
35            android:name="com.google.android.geo.API_KEY"
35-->src\main\AndroidManifest.xml:21:13-58
36            android:value="@string/maps_api_key" />
36-->src\main\AndroidManifest.xml:22:13-49
37
38        <activity
38-->src\main\AndroidManifest.xml:23:9-32:20
39            android:name="com.example.androidSamples.HomeActivity"
39-->src\main\AndroidManifest.xml:24:13-67
40            android:label="@string/title_activity_home"
40-->src\main\AndroidManifest.xml:25:13-56
41            android:theme="@style/AppTheme.NoActionBar" >
41-->src\main\AndroidManifest.xml:26:13-56
42            <intent-filter>
42-->src\main\AndroidManifest.xml:27:13-31:29
43                <action android:name="android.intent.action.MAIN" />
43-->src\main\AndroidManifest.xml:28:17-69
43-->src\main\AndroidManifest.xml:28:25-66
44
45                <category android:name="android.intent.category.LAUNCHER" />
45-->src\main\AndroidManifest.xml:30:17-77
45-->src\main\AndroidManifest.xml:30:27-74
46            </intent-filter>
47        </activity>
48
49        <uses-library
49-->src\main\AndroidManifest.xml:33:9-87
50            android:name="org.apache.http.legacy"
50-->src\main\AndroidManifest.xml:33:23-60
51            android:required="false" />
51-->src\main\AndroidManifest.xml:33:61-85
52
53        <activity
53-->[com.google.android.gms:play-services-base:17.0.0] AndroidManifest.xml:23:9-26:75
54            android:name="com.google.android.gms.common.api.GoogleApiActivity"
54-->[com.google.android.gms:play-services-base:17.0.0] AndroidManifest.xml:24:13-79
55            android:exported="false"
55-->[com.google.android.gms:play-services-base:17.0.0] AndroidManifest.xml:25:13-37
56            android:theme="@android:style/Theme.Translucent.NoTitleBar" />
56-->[com.google.android.gms:play-services-base:17.0.0] AndroidManifest.xml:26:13-72
57    </application>
58
59</manifest>